outPath is topics/docs2
downloading:servicemesh-release-notes.adoc


downloading module modules/ossm-document-attributes.adoc 
	from https://raw.githubusercontent.com/openshift/openshift-docs/master/modules/ossm-document-attributes.adoc 
	to topics/docs2/modules/servicemesh-release-notes.adoc 
matches: []

downloading module modules/ossm-servicemesh-overview.adoc 
	from https://raw.githubusercontent.com/openshift/openshift-docs/master/modules/ossm-servicemesh-overview.adoc 
	to topics/docs2/modules/servicemesh-release-notes.adoc 
matches: []

downloading module modules/support.adoc 
	from https://raw.githubusercontent.com/openshift/openshift-docs/master/modules/support.adoc 
	to topics/docs2/modules/servicemesh-release-notes.adoc 
matches: []

downloading module modules/about-must-gather.adoc 
	from https://raw.githubusercontent.com/openshift/openshift-docs/master/modules/about-must-gather.adoc 
	to topics/docs2/modules/servicemesh-release-notes.adoc 
matches: []

downloading module modules/ossm-about-collecting-ossm-data.adoc 
	from https://raw.githubusercontent.com/openshift/openshift-docs/master/modules/ossm-about-collecting-ossm-data.adoc 
	to topics/docs2/modules/servicemesh-release-notes.adoc 
matches: []

downloading module modules/ossm-supported-configurations.adoc 
	from https://raw.githubusercontent.com/openshift/openshift-docs/master/modules/ossm-supported-configurations.adoc 
	to topics/docs2/modules/servicemesh-release-notes.adoc 
matches: []

downloading module modules/ossm-rn-new-features.adoc 
	from https://raw.githubusercontent.com/openshift/openshift-docs/master/modules/ossm-rn-new-features.adoc 
	to topics/docs2/modules/servicemesh-release-notes.adoc 
matches: []

downloading module modules/ossm-rn-deprecated-features.adoc 
	from https://raw.githubusercontent.com/openshift/openshift-docs/master/modules/ossm-rn-deprecated-features.adoc 
	to topics/docs2/modules/servicemesh-release-notes.adoc 
matches: []

downloading module modules/ossm-rn-known-issues.adoc 
	from https://raw.githubusercontent.com/openshift/openshift-docs/master/modules/ossm-rn-known-issues.adoc 
	to topics/docs2/modules/servicemesh-release-notes.adoc 
matches: []

downloading module modules/jaeger-rn-known-issues.adoc 
	from https://raw.githubusercontent.com/openshift/openshift-docs/master/modules/jaeger-rn-known-issues.adoc 
	to topics/docs2/modules/servicemesh-release-notes.adoc 
matches: []

downloading module modules/ossm-rn-fixed-issues.adoc 
	from https://raw.githubusercontent.com/openshift/openshift-docs/master/modules/ossm-rn-fixed-issues.adoc 
	to topics/docs2/modules/servicemesh-release-notes.adoc 
matches: []

downloading module modules/jaeger-rn-fixed-issues.adoc 
	from https://raw.githubusercontent.com/openshift/openshift-docs/master/modules/jaeger-rn-fixed-issues.adoc 
	to topics/docs2/modules/servicemesh-release-notes.adoc 
matches: []

downloading:ossm-architecture.adoc


downloading module modules/ossm-document-attributes.adoc 
	from https://raw.githubusercontent.com/openshift/openshift-docs/master/modules/ossm-document-attributes.adoc 
	to topics/docs2/modules/ossm-architecture.adoc 
matches: []

downloading module modules/ossm-understanding-service-mesh.adoc 
	from https://raw.githubusercontent.com/openshift/openshift-docs/master/modules/ossm-understanding-service-mesh.adoc 
	to topics/docs2/modules/ossm-architecture.adoc 
matches: []

downloading module modules/ossm-architecture.adoc 
	from https://raw.githubusercontent.com/openshift/openshift-docs/master/modules/ossm-architecture.adoc 
	to topics/docs2/modules/ossm-architecture.adoc 
matches: []

downloading module modules/ossm-kiali-overview.adoc 
	from https://raw.githubusercontent.com/openshift/openshift-docs/master/modules/ossm-kiali-overview.adoc 
	to topics/docs2/modules/ossm-architecture.adoc 
matches: []

downloading module modules/ossm-kiali-architecture.adoc 
	from https://raw.githubusercontent.com/openshift/openshift-docs/master/modules/ossm-kiali-architecture.adoc 
	to topics/docs2/modules/ossm-architecture.adoc 
matches: []

downloading module modules/ossm-kiali-features.adoc 
	from https://raw.githubusercontent.com/openshift/openshift-docs/master/modules/ossm-kiali-features.adoc 
	to topics/docs2/modules/ossm-architecture.adoc 
matches: []

downloading module modules/jaeger-product-overview.adoc 
	from https://raw.githubusercontent.com/openshift/openshift-docs/master/modules/jaeger-product-overview.adoc 
	to topics/docs2/modules/ossm-architecture.adoc 
matches: []

downloading module modules/jaeger-architecture.adoc 
	from https://raw.githubusercontent.com/openshift/openshift-docs/master/modules/jaeger-architecture.adoc 
	to topics/docs2/modules/ossm-architecture.adoc 
matches: []

downloading module modules/jaeger-features.adoc 
	from https://raw.githubusercontent.com/openshift/openshift-docs/master/modules/jaeger-features.adoc 
	to topics/docs2/modules/ossm-architecture.adoc 
matches: []

downloading:ossm-vs-community.adoc


downloading module modules/ossm-document-attributes.adoc 
	from https://raw.githubusercontent.com/openshift/openshift-docs/master/modules/ossm-document-attributes.adoc 
	to topics/docs2/modules/ossm-vs-community.adoc 
matches: []

downloading module modules/ossm-multitenant.adoc 
	from https://raw.githubusercontent.com/openshift/openshift-docs/master/modules/ossm-multitenant.adoc 
	to topics/docs2/modules/ossm-vs-community.adoc 
matches: []

downloading module modules/ossm-vs-istio.adoc 
	from https://raw.githubusercontent.com/openshift/openshift-docs/master/modules/ossm-vs-istio.adoc 
	to topics/docs2/modules/ossm-vs-community.adoc 
matches: []

downloading module modules/ossm-kiali-service-mesh.adoc 
	from https://raw.githubusercontent.com/openshift/openshift-docs/master/modules/ossm-kiali-service-mesh.adoc 
	to topics/docs2/modules/ossm-vs-community.adoc 
matches: []

downloading module modules/ossm-jaeger-service-mesh.adoc 
	from https://raw.githubusercontent.com/openshift/openshift-docs/master/modules/ossm-jaeger-service-mesh.adoc 
	to topics/docs2/modules/ossm-vs-community.adoc 
matches: []

downloading:preparing-ossm-installation.adoc


downloading module modules/ossm-document-attributes.adoc 
	from https://raw.githubusercontent.com/openshift/openshift-docs/master/modules/ossm-document-attributes.adoc 
	to topics/docs2/modules/preparing-ossm-installation.adoc 
matches: []

downloading module modules/ossm-supported-configurations.adoc 
	from https://raw.githubusercontent.com/openshift/openshift-docs/master/modules/ossm-supported-configurations.adoc 
	to topics/docs2/modules/preparing-ossm-installation.adoc 
matches: []

downloading module modules/ossm-installation-activities.adoc 
	from https://raw.githubusercontent.com/openshift/openshift-docs/master/modules/ossm-installation-activities.adoc 
	to topics/docs2/modules/preparing-ossm-installation.adoc 
matches: []

downloading:installing-ossm.adoc


downloading module modules/ossm-document-attributes.adoc 
	from https://raw.githubusercontent.com/openshift/openshift-docs/master/modules/ossm-document-attributes.adoc 
	to topics/docs2/modules/installing-ossm.adoc 
matches: []

downloading module modules/jaeger-install-elasticsearch.adoc 
	from https://raw.githubusercontent.com/openshift/openshift-docs/master/modules/jaeger-install-elasticsearch.adoc 
	to topics/docs2/modules/installing-ossm.adoc 
matches: []

downloading module modules/jaeger-install.adoc 
	from https://raw.githubusercontent.com/openshift/openshift-docs/master/modules/jaeger-install.adoc 
	to topics/docs2/modules/installing-ossm.adoc 
matches: []

downloading module modules/ossm-install-kiali.adoc 
	from https://raw.githubusercontent.com/openshift/openshift-docs/master/modules/ossm-install-kiali.adoc 
	to topics/docs2/modules/installing-ossm.adoc 
matches: []

downloading module modules/ossm-install-ossm-operator.adoc 
	from https://raw.githubusercontent.com/openshift/openshift-docs/master/modules/ossm-install-ossm-operator.adoc 
	to topics/docs2/modules/installing-ossm.adoc 
matches: []

downloading module modules/ossm-control-plane-deploy.adoc 
	from https://raw.githubusercontent.com/openshift/openshift-docs/master/modules/ossm-control-plane-deploy.adoc 
	to topics/docs2/modules/installing-ossm.adoc 
matches: []

downloading module modules/ossm-member-roll-create.adoc 
	from https://raw.githubusercontent.com/openshift/openshift-docs/master/modules/ossm-member-roll-create.adoc 
	to topics/docs2/modules/installing-ossm.adoc 
matches: []

downloading module modules/ossm-member-roll-modify.adoc 
	from https://raw.githubusercontent.com/openshift/openshift-docs/master/modules/ossm-member-roll-modify.adoc 
	to topics/docs2/modules/installing-ossm.adoc 
matches: []

downloading module modules/ossm-update-app-sidecar.adoc 
	from https://raw.githubusercontent.com/openshift/openshift-docs/master/modules/ossm-update-app-sidecar.adoc 
	to topics/docs2/modules/installing-ossm.adoc 
matches: []

downloading:upgrading-ossm.adoc


downloading module modules/ossm-document-attributes.adoc 
	from https://raw.githubusercontent.com/openshift/openshift-docs/master/modules/ossm-document-attributes.adoc 
	to topics/docs2/modules/upgrading-ossm.adoc 
matches: []

downloading:customizing-installation-ossm.adoc


downloading module modules/ossm-document-attributes.adoc 
	from https://raw.githubusercontent.com/openshift/openshift-docs/master/modules/ossm-document-attributes.adoc 
	to topics/docs2/modules/customizing-installation-ossm.adoc 
matches: []

downloading module modules/ossm-updating-smcp.adoc 
	from https://raw.githubusercontent.com/openshift/openshift-docs/master/modules/ossm-updating-smcp.adoc 
	to topics/docs2/modules/customizing-installation-ossm.adoc 
matches: []

downloading:prepare-to-deploy-applications-ossm.adoc


downloading module modules/ossm-document-attributes.adoc 
	from https://raw.githubusercontent.com/openshift/openshift-docs/master/modules/ossm-document-attributes.adoc 
	to topics/docs2/modules/prepare-to-deploy-applications-ossm.adoc 
matches: []

downloading module modules/ossm-control-plane-profiles.adoc 
	from https://raw.githubusercontent.com/openshift/openshift-docs/master/modules/ossm-control-plane-profiles.adoc 
	to topics/docs2/modules/prepare-to-deploy-applications-ossm.adoc 
matches: []

downloading module modules/ossm-sidecar-injection.adoc 
	from https://raw.githubusercontent.com/openshift/openshift-docs/master/modules/ossm-sidecar-injection.adoc 
	to topics/docs2/modules/prepare-to-deploy-applications-ossm.adoc 
matches: []

downloading module modules/ossm-automatic-sidecar-injection.adoc 
	from https://raw.githubusercontent.com/openshift/openshift-docs/master/modules/ossm-automatic-sidecar-injection.adoc 
	to topics/docs2/modules/prepare-to-deploy-applications-ossm.adoc 
matches: []

downloading module modules/ossm-config-network-policy.adoc 
	from https://raw.githubusercontent.com/openshift/openshift-docs/master/modules/ossm-config-network-policy.adoc 
	to topics/docs2/modules/prepare-to-deploy-applications-ossm.adoc 
matches: []

downloading module modules/ossm-tutorial-bookinfo-overview.adoc 
	from https://raw.githubusercontent.com/openshift/openshift-docs/master/modules/ossm-tutorial-bookinfo-overview.adoc 
	to topics/docs2/modules/prepare-to-deploy-applications-ossm.adoc 
matches: []

downloading module modules/ossm-tutorial-bookinfo-install.adoc 
	from https://raw.githubusercontent.com/openshift/openshift-docs/master/modules/ossm-tutorial-bookinfo-install.adoc 
	to topics/docs2/modules/prepare-to-deploy-applications-ossm.adoc 
matches: []

downloading module modules/ossm-tutorial-bookinfo-adding-destination-rules.adoc 
	from https://raw.githubusercontent.com/openshift/openshift-docs/master/modules/ossm-tutorial-bookinfo-adding-destination-rules.adoc 
	to topics/docs2/modules/prepare-to-deploy-applications-ossm.adoc 
matches: []

downloading module modules/ossm-tutorial-bookinfo-verify-install.adoc 
	from https://raw.githubusercontent.com/openshift/openshift-docs/master/modules/ossm-tutorial-bookinfo-verify-install.adoc 
	to topics/docs2/modules/prepare-to-deploy-applications-ossm.adoc 
matches: []

downloading module modules/ossm-tutorial-bookinfo-removing.adoc 
	from https://raw.githubusercontent.com/openshift/openshift-docs/master/modules/ossm-tutorial-bookinfo-removing.adoc 
	to topics/docs2/modules/prepare-to-deploy-applications-ossm.adoc 
matches: []

downloading module modules/ossm-tutorial-jaeger-generating-traces.adoc 
	from https://raw.githubusercontent.com/openshift/openshift-docs/master/modules/ossm-tutorial-jaeger-generating-traces.adoc 
	to topics/docs2/modules/prepare-to-deploy-applications-ossm.adoc 
matches: []

downloading:ossm-observability.adoc


downloading module modules/ossm-document-attributes.adoc 
	from https://raw.githubusercontent.com/openshift/openshift-docs/master/modules/ossm-document-attributes.adoc 
	to topics/docs2/modules/ossm-observability.adoc 
matches: []

downloading module modules/ossm-observability-access.adoc 
	from https://raw.githubusercontent.com/openshift/openshift-docs/master/modules/ossm-observability-access.adoc 
	to topics/docs2/modules/ossm-observability.adoc 
matches: []

downloading module modules/ossm-observability-visual.adoc 
	from https://raw.githubusercontent.com/openshift/openshift-docs/master/modules/ossm-observability-visual.adoc 
	to topics/docs2/modules/ossm-observability.adoc 
matches: []

downloading:ossm-security.adoc


downloading module modules/ossm-document-attributes.adoc 
	from https://raw.githubusercontent.com/openshift/openshift-docs/master/modules/ossm-document-attributes.adoc 
	to topics/docs2/modules/ossm-security.adoc 
matches: []

downloading module modules/ossm-security-mtls.adoc 
	from https://raw.githubusercontent.com/openshift/openshift-docs/master/modules/ossm-security-mtls.adoc 
	to topics/docs2/modules/ossm-security.adoc 
matches: []

downloading module modules/ossm-security-cipher.adoc 
	from https://raw.githubusercontent.com/openshift/openshift-docs/master/modules/ossm-security-cipher.adoc 
	to topics/docs2/modules/ossm-security.adoc 
matches: []

downloading module modules/ossm-security-cert-manage.adoc 
	from https://raw.githubusercontent.com/openshift/openshift-docs/master/modules/ossm-security-cert-manage.adoc 
	to topics/docs2/modules/ossm-security.adoc 
matches: []

downloading:ossm-traffic-manage.adoc


downloading module modules/ossm-document-attributes.adoc 
	from https://raw.githubusercontent.com/openshift/openshift-docs/master/modules/ossm-document-attributes.adoc 
	to topics/docs2/modules/ossm-traffic-manage.adoc 
matches: []

downloading module modules/ossm-routing.adoc 
	from https://raw.githubusercontent.com/openshift/openshift-docs/master/modules/ossm-routing.adoc 
	to topics/docs2/modules/ossm-traffic-manage.adoc 
matches: []

downloading module modules/ossm-routing-ingress.adoc 
	from https://raw.githubusercontent.com/openshift/openshift-docs/master/modules/ossm-routing-ingress.adoc 
	to topics/docs2/modules/ossm-traffic-manage.adoc 
matches: []

downloading module modules/ossm-routing-bookinfo-example.adoc 
	from https://raw.githubusercontent.com/openshift/openshift-docs/master/modules/ossm-routing-bookinfo-example.adoc 
	to topics/docs2/modules/ossm-traffic-manage.adoc 
matches: []

downloading module modules/ossm-auto-route.adoc 
	from https://raw.githubusercontent.com/openshift/openshift-docs/master/modules/ossm-auto-route.adoc 
	to topics/docs2/modules/ossm-traffic-manage.adoc 
matches: []

downloading:ossm-custom-resources.adoc


downloading module modules/ossm-document-attributes.adoc 
	from https://raw.githubusercontent.com/openshift/openshift-docs/master/modules/ossm-document-attributes.adoc 
	to topics/docs2/modules/ossm-custom-resources.adoc 
matches: []

downloading module modules/ossm-cr-example.adoc 
	from https://raw.githubusercontent.com/openshift/openshift-docs/master/modules/ossm-cr-example.adoc 
	to topics/docs2/modules/ossm-custom-resources.adoc 
matches: []

downloading module modules/ossm-cr-parameters.adoc 
	from https://raw.githubusercontent.com/openshift/openshift-docs/master/modules/ossm-cr-parameters.adoc 
	to topics/docs2/modules/ossm-custom-resources.adoc 
matches: []

downloading module modules/ossm-cr-istio-global.adoc 
	from https://raw.githubusercontent.com/openshift/openshift-docs/master/modules/ossm-cr-istio-global.adoc 
	to topics/docs2/modules/ossm-custom-resources.adoc 
matches: []

downloading module modules/ossm-cr-gateway.adoc 
	from https://raw.githubusercontent.com/openshift/openshift-docs/master/modules/ossm-cr-gateway.adoc 
	to topics/docs2/modules/ossm-custom-resources.adoc 
matches: []

downloading module modules/ossm-cr-mixer.adoc 
	from https://raw.githubusercontent.com/openshift/openshift-docs/master/modules/ossm-cr-mixer.adoc 
	to topics/docs2/modules/ossm-custom-resources.adoc 
matches: []

downloading module modules/ossm-cr-pilot.adoc 
	from https://raw.githubusercontent.com/openshift/openshift-docs/master/modules/ossm-cr-pilot.adoc 
	to topics/docs2/modules/ossm-custom-resources.adoc 
matches: []

downloading module modules/ossm-configuring-kiali.adoc 
	from https://raw.githubusercontent.com/openshift/openshift-docs/master/modules/ossm-configuring-kiali.adoc 
	to topics/docs2/modules/ossm-custom-resources.adoc 
matches: []

downloading module modules/ossm-configuring-jaeger.adoc 
	from https://raw.githubusercontent.com/openshift/openshift-docs/master/modules/ossm-configuring-jaeger.adoc 
	to topics/docs2/modules/ossm-custom-resources.adoc 
matches: []

downloading module modules/ossm-jaeger-config-elasticsearch.adoc 
	from https://raw.githubusercontent.com/openshift/openshift-docs/master/modules/ossm-jaeger-config-elasticsearch.adoc 
	to topics/docs2/modules/ossm-custom-resources.adoc 
